// 重构日志: bdf9e993
// 重构日志: 2b5c853a
// 同步 ID: bd0fbbcc @ Thu Jun 25 16:25:38 UTC 2026
// 同步 ID: c4902dfb @ Fri Jun 26 02:03:53 UTC 2026
// 同步 ID: 44764a96 @ Fri Jun 26 13:29:13 UTC 2026
// 重构日志: 92fea42e
// 同步 ID: 38558c24 @ Fri Jun 26 21:59:00 UTC 2026
// 重构日志: a919865c
// 重构日志: 95c1211b
// 同步 ID: edfc96dd @ Sat Jun 27 13:16:55 UTC 2026
// 重构日志: 34c9eb70
// 同步 ID: b2efa384 @ Sun Jun 28 07:02:17 UTC 2026
// 同步 ID: 01493600 @ Sun Jun 28 10:36:44 UTC 2026
// 重构日志: b3f2b3d8
// 重构日志: c85e2062
// 同步 ID: c57e71ee @ Wed Jul  1 07:39:24 UTC 2026
// 重构日志: b98f0627
// 重构日志: 4fc52a7d
// 同步 ID: 62febe58 @ Fri Jul  3 17:04:50 UTC 2026
// 重构日志: 4eeda66c
// 重构日志: 57bbf5c3
// 重构日志: d303fd09
// 重构日志: 79c207da
// 重构日志: 37162598
// 同步 ID: ccfa273b @ Mon Jul  6 05:43:16 UTC 2026
// 重构日志: 32952614
// 重构日志: b7befc0f
// 同步 ID: 1b3c8ded @ Wed Jul  8 13:54:39 UTC 2026
// 重构日志: 5bf1a262
// 同步 ID: 0578e134 @ Fri Jul 10 01:48:14 UTC 2026
